<?xml version="1.0" encoding="UTF-8"?>
<!-- Generated by org.testng.reporters.JUnitReportReporter -->
<testsuite hostname="MKOTHALE" failures="0" tests="4" name="api.test.UserTests" time="12.015" errors="0" timestamp="2023-10-11T15:36:31 IST" skipped="0">
  <testcase classname="api.test.UserTests" name="testPostUser" time="4.699"/>
  <testcase classname="api.test.UserTests" name="testGetUserByName" time="1.829"/>
  <testcase classname="api.test.UserTests" name="testUpdateUserByName" time="3.877"/>
  <testcase classname="api.test.UserTests" name="testDeleteUserByName" time="1.610"/>
</testsuite> <!-- api.test.UserTests -->
