<?xml version="1.0" encoding="UTF-8"?>
<!-- Generated by org.testng.reporters.JUnitReportReporter -->
<testsuite hostname="MKOTHALE" failures="0" tests="6" name="api.test.DDTests" time="277.087" errors="0" timestamp="2023-10-10T22:03:54 IST" skipped="0">
  <testcase classname="api.test.DDTests" name="testPostUser" time="44.292"/>
  <testcase classname="api.test.DDTests" name="testPostUser" time="54.881"/>
  <testcase classname="api.test.DDTests" name="testPostUser" time="44.136"/>
  <testcase classname="api.test.DDTests" name="testDeleteUserByName" time="44.028"/>
  <testcase classname="api.test.DDTests" name="testDeleteUserByName" time="44.645"/>
  <testcase classname="api.test.DDTests" name="testDeleteUserByName" time="45.105"/>
</testsuite> <!-- api.test.DDTests -->
