<?xml version="1.0" encoding="UTF-8"?>
<!-- Generated by org.testng.reporters.JUnitReportReporter -->
<testsuite hostname="MKOTHALE" failures="0" tests="4" name="api.test.UserTests2" time="222.509" errors="0" timestamp="2023-10-11T18:51:34 IST" skipped="0">
  <testcase classname="api.test.UserTests2" name="testPostUser" time="47.046"/>
  <testcase classname="api.test.UserTests2" name="testGetUserByName" time="43.717"/>
  <testcase classname="api.test.UserTests2" name="testUpdateUserByName" time="87.978"/>
  <testcase classname="api.test.UserTests2" name="testDeleteUserByName" time="43.768"/>
</testsuite> <!-- api.test.UserTests2 -->
