<?xml version="1.0" encoding="UTF-8"?>
<!-- Generated by org.testng.reporters.JUnitReportReporter -->
<testsuite hostname="MKOTHALE" failures="0" tests="4" name="api.test.UserTests" time="9.447" errors="0" timestamp="2023-10-12T15:55:06 IST" skipped="0">
  <testcase classname="api.test.UserTests" name="testPostUser" time="2.221"/>
  <testcase classname="api.test.UserTests" name="testGetUserByName" time="1.571"/>
  <testcase classname="api.test.UserTests" name="testUpdateUserByName" time="3.887"/>
  <testcase classname="api.test.UserTests" name="testDeleteUserByName" time="1.768"/>
</testsuite> <!-- api.test.UserTests -->
