<?xml version="1.0" encoding="UTF-8"?>
<!-- Generated by org.testng.reporters.JUnitReportReporter -->
<testsuite hostname="MKOTHALE" failures="0" tests="6" name="api.test.DDTests" time="16.185" errors="0" timestamp="2023-10-12T15:55:06 IST" skipped="0">
  <testcase classname="api.test.DDTests" name="testPostUser" time="4.902"/>
  <testcase classname="api.test.DDTests" name="testPostUser" time="2.475"/>
  <testcase classname="api.test.DDTests" name="testPostUser" time="2.871"/>
  <testcase classname="api.test.DDTests" name="testDeleteUserByName" time="2.042"/>
  <testcase classname="api.test.DDTests" name="testDeleteUserByName" time="1.837"/>
  <testcase classname="api.test.DDTests" name="testDeleteUserByName" time="2.058"/>
</testsuite> <!-- api.test.DDTests -->
